00:00:00.005395 main     VirtualBox COM Server 6.1.30 r148432 win.amd64 (Nov 22 2021 15:15:30) release log
00:00:00.005398 main     Log opened 2022-02-28T14:19:48.291907600Z
00:00:00.005399 main     Build Type: release
00:00:00.005412 main     OS Product: Windows 11
00:00:00.005412 main     OS Release: 10.0.22000
00:00:00.005413 main     OS Service Pack: 
00:00:00.080160 main     DMI Product Name: HP Laptop 15s-er1xxx
00:00:00.096328 main     DMI Product Version:  
00:00:00.096337 main     Firmware type: UEFI
00:00:00.096579 main     Secure Boot: VERR_PRIVILEGE_NOT_HELD
00:00:00.096653 main     Host RAM: 7541MB (7.3GB) total, 2684MB (2.6GB) available
00:00:00.096657 main     Executable: C:\Program Files\Oracle\VirtualBox\VBoxSVC.exe
00:00:00.096657 main     Process ID: 2144
00:00:00.096658 main     Package type: WINDOWS_64BITS_GENERIC
00:00:00.256481          VirtualBox: object creation starts
00:00:00.256834          Home directory: 'C:\Users\Anoosha\.VirtualBox'
00:00:00.256963          Installed Drivers:
00:00:00.266857            C:\WINDOWS\system32\DRIVERS\VBoxNetLwf.sys (Version: 6.1.30.48432)
00:00:00.269318            C:\WINDOWS\system32\DRIVERS\VBoxUSBMon.sys (Version: 6.1.30.48432)
00:00:00.270546            C:\WINDOWS\system32\DRIVERS\VBoxDrv.sys (Version: 6.1.30.48432)
00:00:00.272730            C:\WINDOWS\System32\drivers\VBoxNetAdp6.sys (Version: 6.1.30.48432)
00:00:00.281433          Loading settings file "C:\Users\Anoosha\.VirtualBox\VirtualBox.xml" with version "1.12-windows"
00:00:00.283674          usbLibGetDevices: Starting USB device enumeration
00:00:00.283891          Getting USB descriptor (id 0) failed (dwErr=31) on hub USB#ROOT_HUB30#5&257f060e&0&0#{f18a0e88-c30c-11d0-8815-00a0c906bed8} port 3
00:00:00.283975          Getting USB descriptor (id 0) failed (dwErr=31) on hub USB#ROOT_HUB30#5&257f060e&0&0#{f18a0e88-c30c-11d0-8815-00a0c906bed8} port 4
00:00:00.288164          usbLibGetDevices: Found 2 USB devices, 0 captured
00:00:00.288354          USB: Unknown USB device detected (idVendor: 0x0408, idProduct: 0x5365)
00:00:00.288512          USB: Unknown USB device detected (idVendor: 0x0bda, idProduct: 0xb00a)
00:00:00.411016          HostDnsMonitor: initializing
00:00:00.420062          HostDnsMonitor: updating information
00:00:00.420132          HostDnsMonitor: old information
00:00:00.420133            no server entries
00:00:00.420133            no domain set
00:00:00.420134            no search string entries
00:00:00.420134          HostDnsMonitor: new information
00:00:00.420134            server 1: 192.168.0.1
00:00:00.420135            no domain set
00:00:00.420135            no search string entries
00:00:00.480841          VD: VDInit finished with VINF_SUCCESS
00:00:00.484437          Loading settings file "C:\Users\Anoosha\VirtualBox VMs\Ubuntu\Ubuntu.vbox" with version "1.16-windows"
00:00:00.486072          VirtualBox: object created
00:00:10.366207          Saving settings file "C:\Users\Anoosha\.VirtualBox\VirtualBox.xml" with version "1.12-windows"
00:00:10.381346          Saving settings file "C:\Users\Anoosha\.VirtualBox\VirtualBox.xml" with version "1.12-windows"
00:00:11.223664          Saving settings file "C:\Users\Anoosha\.VirtualBox\VirtualBox.xml" with version "1.12-windows"
00:00:11.237147          Saving settings file "C:\Users\Anoosha\.VirtualBox\VirtualBox.xml" with version "1.12-windows"
00:00:16.785337 main     VirtualBox: object deletion starts
00:00:16.785589 main     ERROR [COM]: aRC=VBOX_E_OBJECT_IN_USE (0x80bb000c) aIID={ad47ad09-787b-44ab-b343-a082a3f2dfb1} aComponent={MediumWrap} aText={Medium 'C:\Users\Anoosha\VirtualBox VMs\Ubuntu\Ubuntu.vdi' cannot be closed because it is still attached to 1 virtual machines}, preserve=false aResultDetail=0
00:00:16.788528 main     HostDnsMonitor: shutting down ...
00:00:16.788624 main     HostDnsMonitor: shut down
00:00:16.792781 Watcher  ERROR [COM]: aRC=E_ACCESSDENIED (0x80070005) aIID={d0a0163f-e254-4e5b-a1f2-011cf991c38d} aComponent={VirtualBoxWrap} aText={The object is not ready}, preserve=false aResultDetail=0
00:00:16.793431 main     VirtualBox: object deleted
